生成启动时间为 2015/12/7 22:37:53。
     1>项目“D:\东南大学学习\编译原理\Lex\Lex\Lex.vcxproj”在节点 2 上(build 个目标)。
     1>InitializeBuildStatus:
         正在创建“Debug\Lex.unsuccessfulbuild”，因为已指定“AlwaysCreate”。
       ClCompile:
         d:\Microsoft Visual Studio 10.0\VC\bin\CL.exe /c /ZI /nologo /W3 /WX- /Od /Oy- /D WIN32 /D _DEBUG /D _CONSOLE /D _UNICODE /D UNICODE /Gm /EHsc /RTC1 /MDd /GS /fp:precise /Zc:wchar_t /Zc:forScope /Fo"Debug\\" /Fd"Debug\vc100.pdb" /Gd /TP /analyze- /errorReport:prompt main.cpp
         main.cpp
     1>d:\东南大学学习\编译原理\lex\lex\main.cpp(96): warning C4715: “State::getLink”: 不是所有的控件路径都返回值
     1>d:\东南大学学习\编译原理\lex\lex\main.cpp(578): warning C4715: “getRepeatDFAState”: 不是所有的控件路径都返回值
       ManifestResourceCompile:
         所有输出均为最新。
       Link:
         d:\Microsoft Visual Studio 10.0\VC\bin\link.exe /ERRORREPORT:PROMPT /OUT:"D:\东南大学学习\编译原理\Lex\Debug\Lex.exe" /INCREMENTAL /NOLOGO kernel32.lib user32.lib gdi32.lib winspool.lib comdlg32.lib advapi32.lib shell32.lib ole32.lib oleaut32.lib uuid.lib odbc32.lib odbccp32.lib /MANIFEST /ManifestFile:"Debug\Lex.exe.intermediate.manifest" /MANIFESTUAC:"level='asInvoker' uiAccess='false'" /DEBUG /PDB:"D:\东南大学学习\编译原理\Lex\Debug\Lex.pdb" /SUBSYSTEM:CONSOLE /TLBID:1 /DYNAMICBASE /NXCOMPAT /IMPLIB:"D:\东南大学学习\编译原理\Lex\Debug\Lex.lib" /MACHINE:X86 Debug\Lex.exe.embed.manifest.res
         Debug\main.obj
       Manifest:
         c:\Program Files (x86)\Microsoft SDKs\Windows\v7.0A\bin\mt.exe /nologo /verbose /out:"Debug\Lex.exe.embed.manifest" /manifest Debug\Lex.exe.intermediate.manifest
         所有输出均为最新。
       LinkEmbedManifest:
         所有输出均为最新。
         Lex.vcxproj -> D:\东南大学学习\编译原理\Lex\Debug\Lex.exe
       FinalizeBuildStatus:
         正在删除文件“Debug\Lex.unsuccessfulbuild”。
         正在对“Debug\Lex.lastbuildstate”执行 Touch 任务。
     1>已完成生成项目“D:\东南大学学习\编译原理\Lex\Lex\Lex.vcxproj”(build 个目标)的操作。

生成成功。

已用时间 00:00:01.04
